<?xml version="1.0" encoding="UTF-8"?>
<testng-results skipped="0" failed="0" ignored="0" total="1" passed="1">
  <reporter-output>
  </reporter-output>
  <suite name="Default suite" duration-ms="124980" started-at="2020-01-16T20:51:25 IST" finished-at="2020-01-16T20:53:30 IST">
    <groups>
    </groups>
    <test name="Default test" duration-ms="124980" started-at="2020-01-16T20:51:25 IST" finished-at="2020-01-16T20:53:30 IST">
      <class name="MavenTraining.FBLogin">
        <test-method status="PASS" signature="launchApp()[pri:0, instance:MavenTraining.FBLogin@35d176f7]" name="launchApp" duration-ms="124944" started-at="2020-01-16T20:51:25 IST" finished-at="2020-01-16T20:53:30 IST">
          <reporter-output>
          </reporter-output>
        </test-method> <!-- launchApp -->
      </class> <!-- MavenTraining.FBLogin -->
    </test> <!-- Default test -->
  </suite> <!-- Default suite -->
</testng-results>
