<?xml version="1.0" encoding="UTF-8"?>
<testng-results skipped="0" failed="0" ignored="0" total="1" passed="1">
  <reporter-output>
  </reporter-output>
  <suite name="Default suite" duration-ms="36541" started-at="2020-01-17T20:27:35 IST" finished-at="2020-01-17T20:28:11 IST">
    <groups>
    </groups>
    <test name="Default test" duration-ms="36541" started-at="2020-01-17T20:27:35 IST" finished-at="2020-01-17T20:28:11 IST">
      <class name="GradleTraining.GradleFBlogin">
        <test-method status="PASS" signature="launchApp()[pri:0, instance:GradleTraining.GradleFBlogin@63e2203c]" name="launchApp" duration-ms="36502" started-at="2020-01-17T20:27:35 IST" finished-at="2020-01-17T20:28:11 IST">
          <reporter-output>
          </reporter-output>
        </test-method> <!-- launchApp -->
      </class> <!-- GradleTraining.GradleFBlogin -->
    </test> <!-- Default test -->
  </suite> <!-- Default suite -->
</testng-results>
